<?xml version="1.0" encoding="UTF-8"?>
<!-- Generated by org.testng.reporters.JUnitReportReporter -->
<testsuite skipped="0" hostname="RaviSJoshi" name="green123.facebook_loginscript" tests="1" failures="0" timestamp="2020-08-01T10:50:40 IST" time="95.114" errors="0">
  <testcase name="test_login" time="95.114" classname="green123.facebook_loginscript"/>
</testsuite> <!-- green123.facebook_loginscript -->
